Using pre-set license
Built from '2021.1/staging' branch; Version is '2021.1.7f1 (d91830b65d9b) revision 14227504'; Using compiler version '192528614'; Build Type 'Release'
OS: 'Windows 10 Education; OS build 19043.1237; Version 2009; 64bit' Language: 'en' Physical Memory: 16247 MB
BatchMode: 1, IsHumanControllingUs: 0, StartBugReporterOnCrash: 0, Is64bit: 1, IsPro: 0

 COMMAND LINE ARGUMENTS:
C:\Program Files\Unity 2021.1.7f1\Editor\Unity.exe
-adb2
-batchMode
-noUpm
-name
AssetImportWorker0
-projectPath
C:/Users/88.bj/Documents/GitHub/SeniorCapstone/Period5SeniorGame
-logFile
Logs/AssetImportWorker0.log
-srvPort
55691
Successfully changed project path to: C:/Users/88.bj/Documents/GitHub/SeniorCapstone/Period5SeniorGame
C:/Users/88.bj/Documents/GitHub/SeniorCapstone/Period5SeniorGame
Using Asset Import Pipeline V2.
Refreshing native plugins compatible for Editor in 68.58 ms, found 1 plugins.
Preloading 0 native plugins for Editor in 0.00 ms.
Initialize engine version: 2021.1.7f1 (d91830b65d9b)
[Subsystems] Discovering subsystems at path C:/Program Files/Unity 2021.1.7f1/Editor/Data/Resources/UnitySubsystems
[Subsystems] Discovering subsystems at path C:/Users/88.bj/Documents/GitHub/SeniorCapstone/Period5SeniorGame/Assets
GfxDevice: creating device client; threaded=0; jobified=0
Direct3D:
    Version:  Direct3D 11.0 [level 11.1]
    Renderer: AMD Radeon R7 450 (ID=0x682b)
    Vendor:   ATI
    VRAM:     4076 MB
    Driver:   24.20.11020.3002
Initialize mono
Mono path[0] = 'C:/Program Files/Unity 2021.1.7f1/Editor/Data/Managed'
Mono path[1] = 'C:/Program Files/Unity 2021.1.7f1/Editor/Data/MonoBleedingEdge/lib/mono/unityjit'
Mono config path = 'C:/Program Files/Unity 2021.1.7f1/Editor/Data/MonoBleedingEdge/etc'
Using monoOptions --debugger-agent=transport=dt_socket,embedding=1,server=y,suspend=n,address=127.0.0.1:56912
Begin MonoManager ReloadAssembly
Registering precompiled unity dll's ...
Register platform support module: C:/Program Files/Unity 2021.1.7f1/Editor/Data/PlaybackEngines/WebGLSupport/UnityEditor.WebGL.Extensions.dll
Register platform support module: C:/Program Files/Unity 2021.1.7f1/Editor/Data/PlaybackEngines/WindowsStandaloneSupport/UnityEditor.WindowsStandalone.Extensions.dll
Registered in 0.001616 seconds.
Native extension for WindowsStandalone target not found
Native extension for WebGL target not found
Refreshing native plugins compatible for Editor in 69.43 ms, found 1 plugins.
Preloading 0 native plugins for Editor in 0.00 ms.
Mono: successfully reloaded assembly
- Completed reload, in  1.149 seconds
Platform modules already initialized, skipping
Registering precompiled user dll's ...
Registered in 0.002100 seconds.
Begin MonoManager ReloadAssembly
Symbol file LoadedFromMemory doesn't match image C:\Users\88.bj\Documents\GitHub\SeniorCapstone\Period5SeniorGame\Library\PackageCache\com.unity.visualscripting@1.6.1\Editor\VisualScripting.Core\Dependencies\YamlDotNet\Unity.VisualScripting.YamlDotNet.dll
Symbol file LoadedFromMemory doesn't match image C:\Users\88.bj\Documents\GitHub\SeniorCapstone\Period5SeniorGame\Library\PackageCache\com.unity.visualscripting@1.6.1\Editor\VisualScripting.Core\Dependencies\DotNetZip\Unity.VisualScripting.IonicZip.dll
Native extension for WindowsStandalone target not found
Native extension for WebGL target not found
Refreshing native plugins compatible for Editor in 0.44 ms, found 1 plugins.
Preloading 0 native plugins for Editor in 0.00 ms.
Mono: successfully reloaded assembly
- Completed reload, in  0.841 seconds
Platform modules already initialized, skipping
========================================================================
Worker process is ready to serve import requests
Launched and connected shader compiler UnityShaderCompiler.exe after 0.03 seconds
Refreshing native plugins compatible for Editor in 0.45 ms, found 1 plugins.
Preloading 0 native plugins for Editor in 0.00 ms.
Unloading 2671 Unused Serialized files (Serialized files now loaded: 0)
System memory in use before: 98.2 MB.
System memory in use after: 98.4 MB.

Unloading 13 unused Assets to reduce memory usage. Loaded Objects now: 3126.
Total: 1.709200 ms (FindLiveObjects: 0.196500 ms CreateObjectMapping: 0.123800 ms MarkObjects: 1.340300 ms  DeleteObjects: 0.047900 ms)

========================================================================
Received Import Request.
  path: Assets/Scenes/Player_Scene.unity
  artifactKey: Guid(4cb89b57323ff2c488fe70f9344de8d5) Importer(815301076,1909f56bfc062723c751e8b465ee728b)
Start importing Assets/Scenes/Player_Scene.unity using Guid(4cb89b57323ff2c488fe70f9344de8d5) Importer(815301076,1909f56bfc062723c751e8b465ee728b)  -> (artifact id: '89e53c8dd70986f42e8c72dbaed0fe63') in 0.009918 seconds 
========================================================================
Received Prepare
Refreshing native plugins compatible for Editor in 1.47 ms, found 1 plugins.
Preloading 0 native plugins for Editor in 0.00 ms.
Unloading 6 Unused Serialized files (Serialized files now loaded: 0)
System memory in use before: 45.2 MB.
System memory in use after: 45.4 MB.

Unloading 6 unused Assets to reduce memory usage. Loaded Objects now: 3126.
Total: 1.956200 ms (FindLiveObjects: 0.202800 ms CreateObjectMapping: 0.121000 ms MarkObjects: 1.622000 ms  DeleteObjects: 0.009700 ms)

========================================================================
Received Import Request.
  Time since last request: 13.831394 seconds.
  path: Assets/Scenes/Player_Scene 1.unity
  artifactKey: Guid(ac25e1714d7f2ef44b5dff7eaca53c09) Importer(815301076,1909f56bfc062723c751e8b465ee728b)
Start importing Assets/Scenes/Player_Scene 1.unity using Guid(ac25e1714d7f2ef44b5dff7eaca53c09) Importer(815301076,1909f56bfc062723c751e8b465ee728b)  -> (artifact id: '0986045e937c23ffa54e52a29262dfc3') in 0.001834 seconds 
========================================================================
Received Import Request.
  Time since last request: 13.456881 seconds.
  path: Assets/Scenes/Level 1.unity
  artifactKey: Guid(4cb89b57323ff2c488fe70f9344de8d5) Importer(815301076,1909f56bfc062723c751e8b465ee728b)
Start importing Assets/Scenes/Level 1.unity using Guid(4cb89b57323ff2c488fe70f9344de8d5) Importer(815301076,1909f56bfc062723c751e8b465ee728b)  -> (artifact id: 'b480e71e4d5b1fb76b48c6bca82b98f4') in 0.001727 seconds 
========================================================================
Received Import Request.
  Time since last request: 1.224757 seconds.
  path: Assets/Scenes/Level 2.unity
  artifactKey: Guid(12cc90cf586bf76408b8348d13e2d592) Importer(815301076,1909f56bfc062723c751e8b465ee728b)
Start importing Assets/Scenes/Level 2.unity using Guid(12cc90cf586bf76408b8348d13e2d592) Importer(815301076,1909f56bfc062723c751e8b465ee728b)  -> (artifact id: 'd67e60922e8ad2dd640393539b8d8a75') in 0.001618 seconds 
========================================================================
Received Import Request.
  Time since last request: 0.214883 seconds.
  path: Assets/Scenes/Level 3.unity
  artifactKey: Guid(3fcfc192b0089274c862037d969eb057) Importer(815301076,1909f56bfc062723c751e8b465ee728b)
Start importing Assets/Scenes/Level 3.unity using Guid(3fcfc192b0089274c862037d969eb057) Importer(815301076,1909f56bfc062723c751e8b465ee728b)  -> (artifact id: '78326db83821a189a9aeb6c8da0600c1') in 0.002012 seconds 
========================================================================
Received Import Request.
  Time since last request: 0.164993 seconds.
  path: Assets/Scenes/Level 4.unity
  artifactKey: Guid(fb3f4303d23c8e045ac1bdcec49245ac) Importer(815301076,1909f56bfc062723c751e8b465ee728b)
Start importing Assets/Scenes/Level 4.unity using Guid(fb3f4303d23c8e045ac1bdcec49245ac) Importer(815301076,1909f56bfc062723c751e8b465ee728b)  -> (artifact id: '25ada41a3d7ba3418d28d3580946ac4c') in 0.001748 seconds 
========================================================================
Received Import Request.
  Time since last request: 0.176190 seconds.
  path: Assets/Scenes/Level 5.unity
  artifactKey: Guid(9f61375b8f6daaf47b76b7053cb17167) Importer(815301076,1909f56bfc062723c751e8b465ee728b)
Start importing Assets/Scenes/Level 5.unity using Guid(9f61375b8f6daaf47b76b7053cb17167) Importer(815301076,1909f56bfc062723c751e8b465ee728b)  -> (artifact id: '5c2d903322e5e11df61e13d03addd304') in 0.001648 seconds 
========================================================================
Received Import Request.
  Time since last request: 0.158465 seconds.
  path: Assets/Scenes/Level 6.unity
  artifactKey: Guid(6066d1481802c9a4996613b9cd5f616d) Importer(815301076,1909f56bfc062723c751e8b465ee728b)
Start importing Assets/Scenes/Level 6.unity using Guid(6066d1481802c9a4996613b9cd5f616d) Importer(815301076,1909f56bfc062723c751e8b465ee728b)  -> (artifact id: 'a84e06e918698297e566f8310e5e520b') in 0.001702 seconds 
========================================================================
Received Import Request.
  Time since last request: 0.145727 seconds.
  path: Assets/Scenes/Level 7.unity
  artifactKey: Guid(a96a991b215b13b479173e969a4fe578) Importer(815301076,1909f56bfc062723c751e8b465ee728b)
Start importing Assets/Scenes/Level 7.unity using Guid(a96a991b215b13b479173e969a4fe578) Importer(815301076,1909f56bfc062723c751e8b465ee728b)  -> (artifact id: 'd4463129ba4b4929281ecc15b158da0c') in 0.001639 seconds 
========================================================================
Received Import Request.
  Time since last request: 0.213963 seconds.
  path: Assets/Scenes/Level 8.unity
  artifactKey: Guid(41045ec6205b91c418630ca35f1e2e66) Importer(815301076,1909f56bfc062723c751e8b465ee728b)
Start importing Assets/Scenes/Level 8.unity using Guid(41045ec6205b91c418630ca35f1e2e66) Importer(815301076,1909f56bfc062723c751e8b465ee728b)  -> (artifact id: 'b4a93c9a34948a735982dfb1dce2804e') in 0.001611 seconds 
========================================================================
Received Import Request.
  Time since last request: 0.200116 seconds.
  path: Assets/Scenes/Level 9.unity
  artifactKey: Guid(54c16deb3efb9fb45833b66b39284dbf) Importer(815301076,1909f56bfc062723c751e8b465ee728b)
Start importing Assets/Scenes/Level 9.unity using Guid(54c16deb3efb9fb45833b66b39284dbf) Importer(815301076,1909f56bfc062723c751e8b465ee728b)  -> (artifact id: '597421e3685b5653b8fb3b63946d44f9') in 0.003581 seconds 
========================================================================
Received Import Request.
  Time since last request: 0.447515 seconds.
  path: Assets/Scenes/Level 10.unity
  artifactKey: Guid(b65ade58c66a829419981dd3573e0cf2) Importer(815301076,1909f56bfc062723c751e8b465ee728b)
Start importing Assets/Scenes/Level 10.unity using Guid(b65ade58c66a829419981dd3573e0cf2) Importer(815301076,1909f56bfc062723c751e8b465ee728b)  -> (artifact id: '9df4b6819b0a16843c1830cbb790099c') in 0.001636 seconds 
